\BOOKMARK [1][-]{section.1}{\376\377\000I\000n\000t\000r\000o\000d\000u\000c\000t\000i\000o\000n}{}% 1
\BOOKMARK [1][-]{section.2}{\376\377\000P\000e\000r\000s\000o\000n\000a\000\040\000C\000h\000a\000r\000a\000c\000t\000e\000r\000i\000z\000a\000t\000i\000o\000n\000\040\000a\000n\000d\000\040\000V\000a\000r\000i\000a\000t\000i\000o\000n\0001}{}% 2
\BOOKMARK [2][-]{subsection.2.1}{\376\377\000B\000a\000c\000k\000g\000r\000o\000u\000n\000d\000\040\000a\000n\000d\000\040\000M\000o\000t\000i\000v\000a\000t\000i\000o\000n}{section.2}% 3
\BOOKMARK [2][-]{subsection.2.2}{\376\377\000R\000e\000s\000e\000a\000r\000c\000h\000\040\000P\000u\000r\000p\000o\000s\000e}{section.2}% 4
\BOOKMARK [2][-]{subsection.2.3}{\376\377\000M\000e\000t\000h\000o\000d\000o\000l\000o\000g\000y}{section.2}% 5
\BOOKMARK [1][-]{section.3}{\376\377\000P\000e\000r\000s\000o\000n\000a\000\040\000C\000h\000a\000r\000a\000c\000t\000e\000r\000i\000z\000a\000t\000i\000o\000n\000\040\000a\000n\000d\000\040\000V\000a\000r\000i\000a\000t\000i\000o\000n\0002}{}% 6
\BOOKMARK [2][-]{subsection.3.1}{\376\377\000B\000a\000c\000k\000g\000r\000o\000u\000n\000d\000\040\000a\000n\000d\000\040\000M\000o\000t\000i\000v\000a\000t\000i\000o\000n}{section.3}% 7
\BOOKMARK [2][-]{subsection.3.2}{\376\377\000R\000e\000s\000e\000a\000r\000c\000h\000\040\000P\000u\000r\000p\000o\000s\000e}{section.3}% 8
\BOOKMARK [2][-]{subsection.3.3}{\376\377\000M\000e\000t\000h\000o\000d\000o\000l\000o\000g\000y}{section.3}% 9
\BOOKMARK [1][-]{section.4}{\376\377\000P\000e\000r\000s\000o\000n\000a\000\040\000C\000h\000a\000r\000a\000c\000t\000e\000r\000i\000z\000a\000t\000i\000o\000n\000\040\000a\000n\000d\000\040\000V\000a\000r\000i\000a\000t\000i\000o\000n\0003}{}% 10
\BOOKMARK [2][-]{subsection.4.1}{\376\377\000B\000a\000c\000k\000g\000r\000o\000u\000n\000d\000\040\000a\000n\000d\000\040\000M\000o\000t\000i\000v\000a\000t\000i\000o\000n}{section.4}% 11
\BOOKMARK [2][-]{subsection.4.2}{\376\377\000R\000e\000s\000e\000a\000r\000c\000h\000\040\000P\000u\000r\000p\000o\000s\000e}{section.4}% 12
\BOOKMARK [2][-]{subsection.4.3}{\376\377\000M\000e\000t\000h\000o\000d\000o\000l\000o\000g\000y}{section.4}% 13
\BOOKMARK [1][-]{section.5}{\376\377\000P\000e\000r\000s\000o\000n\000a\000\040\000C\000h\000a\000r\000a\000c\000t\000e\000r\000i\000z\000a\000t\000i\000o\000n\000\040\000a\000n\000d\000\040\000V\000a\000r\000i\000a\000t\000i\000o\000n\0004}{}% 14
\BOOKMARK [2][-]{subsection.5.1}{\376\377\000B\000a\000c\000k\000g\000r\000o\000u\000n\000d\000\040\000a\000n\000d\000\040\000M\000o\000t\000i\000v\000a\000t\000i\000o\000n}{section.5}% 15
\BOOKMARK [2][-]{subsection.5.2}{\376\377\000R\000e\000s\000e\000a\000r\000c\000h\000\040\000P\000u\000r\000p\000o\000s\000e}{section.5}% 16
\BOOKMARK [2][-]{subsection.5.3}{\376\377\000M\000e\000t\000h\000o\000d\000o\000l\000o\000g\000y}{section.5}% 17
\BOOKMARK [1][-]{section.6}{\376\377\000P\000e\000r\000s\000o\000n\000a\000\040\000C\000h\000a\000r\000a\000c\000t\000e\000r\000i\000z\000a\000t\000i\000o\000n\000\040\000a\000n\000d\000\040\000V\000a\000r\000i\000a\000t\000i\000o\000n\0005}{}% 18
\BOOKMARK [2][-]{subsection.6.1}{\376\377\000B\000a\000c\000k\000g\000r\000o\000u\000n\000d\000\040\000a\000n\000d\000\040\000M\000o\000t\000i\000v\000a\000t\000i\000o\000n}{section.6}% 19
\BOOKMARK [2][-]{subsection.6.2}{\376\377\000R\000e\000s\000e\000a\000r\000c\000h\000\040\000P\000u\000r\000p\000o\000s\000e}{section.6}% 20
\BOOKMARK [2][-]{subsection.6.3}{\376\377\000M\000e\000t\000h\000o\000d\000o\000l\000o\000g\000y}{section.6}% 21
